Started GET "/" for 127.0.0.1 at 2024-03-13 11:45:45 +0100
  [1m[35m (3.9ms)[0m  [1m[35mCREATE TABLE "schema_migrations" ("version" varchar NOT NULL PRIMARY KEY)[0m
  [1m[35m (0.7ms)[0m  [1m[35mCREATE TABLE "ar_internal_metadata" ("key" varchar NOT NULL PRIMARY KEY, "value" varchar, "created_at" datetime(6) NOT NULL, "updated_at" datetime(6) NOT NULL)[0m
  [1m[36mActiveRecord::SchemaMigration Load (0.2ms)[0m  [1m[34mSELECT "schema_migrations"."version" FROM "schema_migrations" ORDER BY "schema_migrations"."version" ASC[0m
Processing by Rails::WelcomeController#index as HTML
  Rendering /home/piotrk/.rvm/gems/ruby-3.2.2/gems/railties-7.1.3.2/lib/rails/templates/rails/welcome/index.html.erb
  Rendered /home/piotrk/.rvm/gems/ruby-3.2.2/gems/railties-7.1.3.2/lib/rails/templates/rails/welcome/index.html.erb (Duration: 7.7ms | Allocations: 375)
Completed 200 OK in 74ms (Views: 33.2ms | ActiveRecord: 0.0ms | Allocations: 7901)


Started GET "/" for 127.0.0.1 at 2024-03-13 11:56:16 +0100
  [1m[36mActiveRecord::SchemaMigration Load (0.2ms)[0m  [1m[34mSELECT "schema_migrations"."version" FROM "schema_migrations" ORDER BY "schema_migrations"."version" ASC[0m
Processing by Rails::WelcomeController#index as HTML
  Rendering /home/piotrk/.rvm/gems/ruby-3.2.2/gems/railties-7.1.3.2/lib/rails/templates/rails/welcome/index.html.erb
  Rendered /home/piotrk/.rvm/gems/ruby-3.2.2/gems/railties-7.1.3.2/lib/rails/templates/rails/welcome/index.html.erb (Duration: 2.9ms | Allocations: 375)
Completed 200 OK in 25ms (Views: 10.2ms | ActiveRecord: 0.0ms | Allocations: 4294)


Started GET "/home/index" for 127.0.0.1 at 2024-03-13 12:15:27 +0100
Processing by HomeController#index as HTML
  Rendering layout layouts/application.html.erb
  Rendering home/index.html.erb within layouts/application
  Rendered home/index.html.erb within layouts/application (Duration: 3.7ms | Allocations: 98)
  Rendered layout layouts/application.html.erb (Duration: 724.1ms | Allocations: 92585)
Completed 200 OK in 733ms (Views: 730.4ms | ActiveRecord: 0.0ms | Allocations: 93584)


Started GET "/home/index" for 127.0.0.1 at 2024-03-13 12:16:07 +0100
Processing by HomeController#index as HTML
  Rendering layout layouts/application.html.erb
  Rendering home/index.html.erb within layouts/application
  Rendered home/index.html.erb within layouts/application (Duration: 1.1ms | Allocations: 96)
  Rendered layout layouts/application.html.erb (Duration: 202.5ms | Allocations: 17066)
Completed 200 OK in 220ms (Views: 215.0ms | ActiveRecord: 0.0ms | Allocations: 17974)


Started GET "/home/index" for 127.0.0.1 at 2024-03-13 12:17:20 +0100
Processing by HomeController#index as HTML
  Rendering layout layouts/application.html.erb
  Rendering home/index.html.erb within layouts/application
  Rendered home/index.html.erb within layouts/application (Duration: 2.3ms | Allocations: 91)
  Rendered layout layouts/application.html.erb (Duration: 99.5ms | Allocations: 14353)
Completed 200 OK in 117ms (Views: 113.7ms | ActiveRecord: 0.0ms | Allocations: 15258)


Started GET "/" for 127.0.0.1 at 2024-03-13 12:17:25 +0100
Processing by HomeController#index as HTML
  Rendering layout layouts/application.html.erb
  Rendering home/index.html.erb within layouts/application
  Rendered home/index.html.erb within layouts/application (Duration: 0.1ms | Allocations: 7)
  Rendered layout layouts/application.html.erb (Duration: 9.7ms | Allocations: 1307)
Completed 200 OK in 13ms (Views: 11.8ms | ActiveRecord: 0.0ms | Allocations: 1556)


Started GET "/" for 127.0.0.1 at 2024-03-13 12:17:38 +0100
Processing by HomeController#index as HTML
  Rendering layout layouts/application.html.erb
  Rendering home/index.html.erb within layouts/application
  Rendered home/index.html.erb within layouts/application (Duration: 0.6ms | Allocations: 95)
  Rendered layout layouts/application.html.erb (Duration: 34.4ms | Allocations: 14481)
Completed 200 OK in 38ms (Views: 36.9ms | ActiveRecord: 0.0ms | Allocations: 15391)


Started GET "/home/about" for 127.0.0.1 at 2024-03-13 12:28:44 +0100
Processing by HomeController#about as HTML
  Rendering layout layouts/application.html.erb
  Rendering home/about.html.erb within layouts/application
  Rendered home/about.html.erb within layouts/application (Duration: 0.8ms | Allocations: 91)
  Rendered layout layouts/application.html.erb (Duration: 31.8ms | Allocations: 14341)
Completed 200 OK in 36ms (Views: 34.5ms | ActiveRecord: 0.0ms | Allocations: 15245)


Started GET "/about" for 127.0.0.1 at 2024-03-13 12:28:49 +0100
  
ActionController::RoutingError (No route matches [GET] "/about"):
  
Started GET "/" for 127.0.0.1 at 2024-03-13 12:32:33 +0100
Processing by HomeController#index as HTML
  Rendering layout layouts/application.html.erb
  Rendering home/index.html.erb within layouts/application
  Rendered home/index.html.erb within layouts/application (Duration: 1.5ms | Allocations: 91)
  Rendered layout layouts/application.html.erb (Duration: 73.4ms | Allocations: 14538)
Completed 200 OK in 81ms (Views: 78.3ms | ActiveRecord: 0.0ms | Allocations: 15446)


Started GET "/" for 127.0.0.1 at 2024-03-13 12:33:35 +0100
Processing by HomeController#index as HTML
  Rendering layout layouts/application.html.erb
  Rendering home/index.html.erb within layouts/application
  Rendered home/index.html.erb within layouts/application (Duration: 1.2ms | Allocations: 93)
  Rendered layout layouts/application.html.erb (Duration: 73.1ms | Allocations: 14411)
Completed 200 OK in 87ms (Views: 84.7ms | ActiveRecord: 0.0ms | Allocations: 15318)


Started GET "/" for 127.0.0.1 at 2024-03-13 12:34:23 +0100
  [1m[36mActiveRecord::SchemaMigration Load (0.3ms)[0m  [1m[34mSELECT "schema_migrations"."version" FROM "schema_migrations" ORDER BY "schema_migrations"."version" ASC[0m
Processing by HomeController#index as HTML
  Rendering layout layouts/application.html.erb
  Rendering home/index.html.erb within layouts/application
  Rendered home/index.html.erb within layouts/application (Duration: 1.7ms | Allocations: 182)
  Rendered layout layouts/application.html.erb (Duration: 273.1ms | Allocations: 32798)
Completed 200 OK in 299ms (Views: 283.1ms | ActiveRecord: 0.0ms | Allocations: 36886)


Started GET "/home/about" for 127.0.0.1 at 2024-03-13 12:34:29 +0100
Processing by HomeController#about as HTML
  Rendering layout layouts/application.html.erb
  Rendering home/about.html.erb within layouts/application
  Rendered home/about.html.erb within layouts/application (Duration: 0.9ms | Allocations: 89)
  Rendered layout layouts/application.html.erb (Duration: 6.1ms | Allocations: 1401)
Completed 200 OK in 8ms (Views: 7.4ms | ActiveRecord: 0.0ms | Allocations: 1715)


Started GET "/" for 127.0.0.1 at 2024-03-13 12:46:40 +0100
Processing by HomeController#index as HTML
  Rendering layout layouts/application.html.erb
  Rendering home/index.html.erb within layouts/application
  Rendered home/index.html.erb within layouts/application (Duration: 0.9ms | Allocations: 91)
  Rendered layout layouts/application.html.erb (Duration: 121.3ms | Allocations: 14462)
Completed 200 OK in 126ms (Views: 124.1ms | ActiveRecord: 0.0ms | Allocations: 15371)


Started GET "/" for 127.0.0.1 at 2024-03-13 12:46:53 +0100
Processing by HomeController#index as HTML
  Rendering layout layouts/application.html.erb
  Rendering home/index.html.erb within layouts/application
  Rendered home/index.html.erb within layouts/application (Duration: 0.5ms | Allocations: 95)
  Rendered layout layouts/application.html.erb (Duration: 22.9ms | Allocations: 14370)
Completed 200 OK in 26ms (Views: 24.6ms | ActiveRecord: 0.0ms | Allocations: 15277)


Started GET "/" for 127.0.0.1 at 2024-03-13 12:46:58 +0100
Processing by HomeController#index as HTML
  Rendering layout layouts/application.html.erb
  Rendering home/index.html.erb within layouts/application
  Rendered home/index.html.erb within layouts/application (Duration: 0.1ms | Allocations: 7)
  Rendered layout layouts/application.html.erb (Duration: 14.9ms | Allocations: 1301)
Completed 200 OK in 19ms (Views: 16.9ms | ActiveRecord: 0.0ms | Allocations: 1549)


Started GET "/" for 127.0.0.1 at 2024-03-13 12:46:59 +0100
Processing by HomeController#index as HTML
  Rendering layout layouts/application.html.erb
  Rendering home/index.html.erb within layouts/application
  Rendered home/index.html.erb within layouts/application (Duration: 0.2ms | Allocations: 7)
  Rendered layout layouts/application.html.erb (Duration: 10.9ms | Allocations: 1304)
Completed 200 OK in 14ms (Views: 13.2ms | ActiveRecord: 0.0ms | Allocations: 1556)


Started GET "/" for 127.0.0.1 at 2024-03-13 12:47:00 +0100
Processing by HomeController#index as HTML
  Rendering layout layouts/application.html.erb
  Rendering home/index.html.erb within layouts/application
  Rendered home/index.html.erb within layouts/application (Duration: 0.5ms | Allocations: 7)
  Rendered layout layouts/application.html.erb (Duration: 13.8ms | Allocations: 1304)
Completed 200 OK in 17ms (Views: 16.1ms | ActiveRecord: 0.0ms | Allocations: 1552)


Started GET "/" for 127.0.0.1 at 2024-03-13 12:47:01 +0100
Processing by HomeController#index as HTML
  Rendering layout layouts/application.html.erb
  Rendering home/index.html.erb within layouts/application
  Rendered home/index.html.erb within layouts/application (Duration: 0.1ms | Allocations: 7)
  Rendered layout layouts/application.html.erb (Duration: 7.7ms | Allocations: 1301)
Completed 200 OK in 12ms (Views: 11.1ms | ActiveRecord: 0.0ms | Allocations: 1553)


Started GET "/" for 127.0.0.1 at 2024-03-13 12:47:01 +0100
Processing by HomeController#index as HTML
  Rendering layout layouts/application.html.erb
  Rendering home/index.html.erb within layouts/application
  Rendered home/index.html.erb within layouts/application (Duration: 0.3ms | Allocations: 7)
  Rendered layout layouts/application.html.erb (Duration: 14.7ms | Allocations: 1283)
Completed 200 OK in 17ms (Views: 16.0ms | ActiveRecord: 0.0ms | Allocations: 1531)


Started GET "/" for 127.0.0.1 at 2024-03-13 12:48:56 +0100
Processing by HomeController#index as HTML
  Rendering layout layouts/application.html.erb
  Rendering home/index.html.erb within layouts/application
  Rendered home/index.html.erb within layouts/application (Duration: 2.2ms | Allocations: 93)
  Rendered home/_header.html.erb (Duration: 0.9ms | Allocations: 95)
  Rendered layout layouts/application.html.erb (Duration: 122.2ms | Allocations: 14790)
Completed 200 OK in 129ms (Views: 126.5ms | ActiveRecord: 0.0ms | Allocations: 15698)


Started GET "/" for 127.0.0.1 at 2024-03-13 12:49:55 +0100
Processing by HomeController#index as HTML
  Rendering layout layouts/application.html.erb
  Rendering home/index.html.erb within layouts/application
  Rendered home/index.html.erb within layouts/application (Duration: 0.5ms | Allocations: 91)
  Rendered home/_header.html.erb (Duration: 0.5ms | Allocations: 90)
  Rendered layout layouts/application.html.erb (Duration: 19.5ms | Allocations: 14576)
Completed 200 OK in 24ms (Views: 22.2ms | ActiveRecord: 0.0ms | Allocations: 15479)


Started GET "/" for 127.0.0.1 at 2024-03-13 12:49:59 +0100
Processing by HomeController#index as HTML
  Rendering layout layouts/application.html.erb
  Rendering home/index.html.erb within layouts/application
  Rendered home/index.html.erb within layouts/application (Duration: 0.1ms | Allocations: 7)
  Rendered home/_header.html.erb (Duration: 0.0ms | Allocations: 9)
  Rendered layout layouts/application.html.erb (Duration: 6.4ms | Allocations: 1365)
Completed 200 OK in 10ms (Views: 7.9ms | ActiveRecord: 0.0ms | Allocations: 1613)


Started GET "/" for 127.0.0.1 at 2024-03-13 12:49:59 +0100
Processing by HomeController#index as HTML
  Rendering layout layouts/application.html.erb
  Rendering home/index.html.erb within layouts/application
  Rendered home/index.html.erb within layouts/application (Duration: 3.5ms | Allocations: 7)
  Rendered home/_header.html.erb (Duration: 0.1ms | Allocations: 9)
  Rendered layout layouts/application.html.erb (Duration: 19.1ms | Allocations: 1368)
Completed 200 OK in 21ms (Views: 20.5ms | ActiveRecord: 0.0ms | Allocations: 1616)


Started GET "/" for 127.0.0.1 at 2024-03-13 12:50:00 +0100
Processing by HomeController#index as HTML
  Rendering layout layouts/application.html.erb
  Rendering home/index.html.erb within layouts/application
  Rendered home/index.html.erb within layouts/application (Duration: 0.1ms | Allocations: 7)
  Rendered home/_header.html.erb (Duration: 0.2ms | Allocations: 9)
  Rendered layout layouts/application.html.erb (Duration: 18.4ms | Allocations: 1368)
Completed 200 OK in 21ms (Views: 20.4ms | ActiveRecord: 0.0ms | Allocations: 1616)


Started GET "/" for 127.0.0.1 at 2024-03-13 12:50:01 +0100
Processing by HomeController#index as HTML
  Rendering layout layouts/application.html.erb
  Rendering home/index.html.erb within layouts/application
  Rendered home/index.html.erb within layouts/application (Duration: 0.2ms | Allocations: 7)
  Rendered home/_header.html.erb (Duration: 0.2ms | Allocations: 9)
  Rendered layout layouts/application.html.erb (Duration: 9.7ms | Allocations: 1356)
Completed 200 OK in 15ms (Views: 13.5ms | ActiveRecord: 0.0ms | Allocations: 1604)


Started GET "/" for 127.0.0.1 at 2024-03-13 12:50:01 +0100
Processing by HomeController#index as HTML
  Rendering layout layouts/application.html.erb
  Rendering home/index.html.erb within layouts/application
  Rendered home/index.html.erb within layouts/application (Duration: 0.1ms | Allocations: 7)
  Rendered home/_header.html.erb (Duration: 3.4ms | Allocations: 9)
  Rendered layout layouts/application.html.erb (Duration: 14.8ms | Allocations: 1368)
Completed 200 OK in 30ms (Views: 26.1ms | ActiveRecord: 0.0ms | Allocations: 1616)


Started GET "/" for 127.0.0.1 at 2024-03-13 12:51:25 +0100
Processing by HomeController#index as HTML
  Rendering layout layouts/application.html.erb
  Rendering home/index.html.erb within layouts/application
  Rendered home/index.html.erb within layouts/application (Duration: 4.2ms | Allocations: 95)
  Rendered home/_header.html.erb (Duration: 1.5ms | Allocations: 127)
  Rendered layout layouts/application.html.erb (Duration: 70.7ms | Allocations: 14779)
Completed 200 OK in 80ms (Views: 75.9ms | ActiveRecord: 0.0ms | Allocations: 15687)


Started GET "/" for 127.0.0.1 at 2024-03-13 12:51:32 +0100
Processing by HomeController#index as HTML
  Rendering layout layouts/application.html.erb
  Rendering home/index.html.erb within layouts/application
  Rendered home/index.html.erb within layouts/application (Duration: 0.1ms | Allocations: 7)
  Rendered home/_header.html.erb (Duration: 0.1ms | Allocations: 9)
  Rendered layout layouts/application.html.erb (Duration: 14.4ms | Allocations: 1359)
Completed 200 OK in 16ms (Views: 15.6ms | ActiveRecord: 0.0ms | Allocations: 1607)


Started GET "/" for 127.0.0.1 at 2024-03-13 12:52:29 +0100
Processing by HomeController#index as HTML
  Rendering layout layouts/application.html.erb
  Rendering home/index.html.erb within layouts/application
  Rendered home/index.html.erb within layouts/application (Duration: 0.7ms | Allocations: 91)
  Rendered home/_header.html.erb (Duration: 0.5ms | Allocations: 127)
  Rendered layout layouts/application.html.erb (Duration: 27.5ms | Allocations: 14639)
Completed 200 OK in 42ms (Views: 40.5ms | ActiveRecord: 0.0ms | Allocations: 15543)


Started GET "/" for 127.0.0.1 at 2024-03-13 12:52:35 +0100
Processing by HomeController#index as HTML
  Rendering layout layouts/application.html.erb
  Rendering home/index.html.erb within layouts/application
  Rendered home/index.html.erb within layouts/application (Duration: 0.4ms | Allocations: 95)
  Rendered home/_header.html.erb (Duration: 0.8ms | Allocations: 127)
  Rendered layout layouts/application.html.erb (Duration: 17.1ms | Allocations: 14712)
Completed 200 OK in 20ms (Views: 18.7ms | ActiveRecord: 0.0ms | Allocations: 15618)


Started GET "/" for 127.0.0.1 at 2024-03-13 12:54:12 +0100
Processing by HomeController#index as HTML
  Rendering layout layouts/application.html.erb
  Rendering home/index.html.erb within layouts/application
  Rendered home/index.html.erb within layouts/application (Duration: 1.3ms | Allocations: 91)
  Rendered home/_header.html.erb (Duration: 0.7ms | Allocations: 127)
  Rendered layout layouts/application.html.erb (Duration: 50.5ms | Allocations: 14615)
Completed 200 OK in 56ms (Views: 53.7ms | ActiveRecord: 0.0ms | Allocations: 15519)


Started GET "/" for 127.0.0.1 at 2024-03-13 12:54:42 +0100
Processing by HomeController#index as HTML
  Rendering layout layouts/application.html.erb
  Rendering home/index.html.erb within layouts/application
  Rendered home/index.html.erb within layouts/application (Duration: 1.3ms | Allocations: 95)
  Rendered home/_header.html.erb (Duration: 1.1ms | Allocations: 124)
  Rendered layout layouts/application.html.erb (Duration: 102.8ms | Allocations: 14774)
Completed 200 OK in 114ms (Views: 109.9ms | ActiveRecord: 0.0ms | Allocations: 15682)


Started GET "/" for 127.0.0.1 at 2024-03-13 12:55:29 +0100
Processing by HomeController#index as HTML
  Rendering layout layouts/application.html.erb
  Rendering home/index.html.erb within layouts/application
  Rendered home/index.html.erb within layouts/application (Duration: 0.9ms | Allocations: 91)
  Rendered home/_header.html.erb (Duration: 3.1ms | Allocations: 113)
  Rendered layout layouts/application.html.erb (Duration: 66.3ms | Allocations: 14613)
Completed 200 OK in 72ms (Views: 70.8ms | ActiveRecord: 0.0ms | Allocations: 15516)


Started GET "/home/about" for 127.0.0.1 at 2024-03-13 12:55:30 +0100
Processing by HomeController#about as HTML
  Rendering layout layouts/application.html.erb
  Rendering home/about.html.erb within layouts/application
  Rendered home/about.html.erb within layouts/application (Duration: 1.6ms | Allocations: 85)
  Rendered home/_header.html.erb (Duration: 0.1ms | Allocations: 9)
  Rendered layout layouts/application.html.erb (Duration: 8.1ms | Allocations: 1460)
Completed 200 OK in 11ms (Views: 10.0ms | ActiveRecord: 0.0ms | Allocations: 1770)


Started GET "/home/about" for 127.0.0.1 at 2024-03-13 12:55:32 +0100
Processing by HomeController#about as HTML
  Rendering layout layouts/application.html.erb
  Rendering home/about.html.erb within layouts/application
  Rendered home/about.html.erb within layouts/application (Duration: 0.1ms | Allocations: 6)
  Rendered home/_header.html.erb (Duration: 0.1ms | Allocations: 9)
  Rendered layout layouts/application.html.erb (Duration: 5.4ms | Allocations: 1370)
Completed 200 OK in 7ms (Views: 6.4ms | ActiveRecord: 0.0ms | Allocations: 1620)


Started GET "/home/about" for 127.0.0.1 at 2024-03-13 12:55:33 +0100
Processing by HomeController#about as HTML
  Rendering layout layouts/application.html.erb
  Rendering home/about.html.erb within layouts/application
  Rendered home/about.html.erb within layouts/application (Duration: 0.1ms | Allocations: 6)
  Rendered home/_header.html.erb (Duration: 0.1ms | Allocations: 9)
  Rendered layout layouts/application.html.erb (Duration: 5.1ms | Allocations: 1381)
Completed 200 OK in 7ms (Views: 6.0ms | ActiveRecord: 0.0ms | Allocations: 1633)


Started GET "/home/about" for 127.0.0.1 at 2024-03-13 12:55:39 +0100
Processing by HomeController#about as HTML
  Rendering layout layouts/application.html.erb
  Rendering home/about.html.erb within layouts/application
  Rendered home/about.html.erb within layouts/application (Duration: 1.0ms | Allocations: 93)
  Rendered home/_header.html.erb (Duration: 1.0ms | Allocations: 113)
  Rendered layout layouts/application.html.erb (Duration: 44.3ms | Allocations: 14770)
Completed 200 OK in 49ms (Views: 47.8ms | ActiveRecord: 0.0ms | Allocations: 15680)


Started GET "/" for 127.0.0.1 at 2024-03-13 12:55:40 +0100
Processing by HomeController#index as HTML
  Rendering layout layouts/application.html.erb
  Rendering home/index.html.erb within layouts/application
  Rendered home/index.html.erb within layouts/application (Duration: 0.7ms | Allocations: 87)
  Rendered home/_header.html.erb (Duration: 0.1ms | Allocations: 9)
  Rendered layout layouts/application.html.erb (Duration: 4.5ms | Allocations: 1444)
Completed 200 OK in 6ms (Views: 5.3ms | ActiveRecord: 0.0ms | Allocations: 1754)


Started GET "/home/about" for 127.0.0.1 at 2024-03-13 12:55:41 +0100
Processing by HomeController#about as HTML
  Rendering layout layouts/application.html.erb
  Rendering home/about.html.erb within layouts/application
  Rendered home/about.html.erb within layouts/application (Duration: 0.1ms | Allocations: 6)
  Rendered home/_header.html.erb (Duration: 0.1ms | Allocations: 9)
  Rendered layout layouts/application.html.erb (Duration: 10.6ms | Allocations: 1367)
Completed 200 OK in 13ms (Views: 11.9ms | ActiveRecord: 0.0ms | Allocations: 1617)


Started GET "/" for 127.0.0.1 at 2024-03-13 12:55:42 +0100
Processing by HomeController#index as HTML
  Rendering layout layouts/application.html.erb
  Rendering home/index.html.erb within layouts/application
  Rendered home/index.html.erb within layouts/application (Duration: 0.1ms | Allocations: 7)
  Rendered home/_header.html.erb (Duration: 0.0ms | Allocations: 9)
  Rendered layout layouts/application.html.erb (Duration: 2.8ms | Allocations: 1362)
Completed 200 OK in 4ms (Views: 3.4ms | ActiveRecord: 0.0ms | Allocations: 1612)


Started GET "/home/about" for 127.0.0.1 at 2024-03-13 12:55:53 +0100
Processing by HomeController#about as HTML
  Rendering layout layouts/application.html.erb
  Rendering home/about.html.erb within layouts/application
  Rendered home/about.html.erb within layouts/application (Duration: 0.5ms | Allocations: 89)
  Rendered home/_header.html.erb (Duration: 0.5ms | Allocations: 115)
  Rendered layout layouts/application.html.erb (Duration: 23.8ms | Allocations: 14773)
Completed 200 OK in 27ms (Views: 25.7ms | ActiveRecord: 0.0ms | Allocations: 15679)


Started GET "/home/about" for 127.0.0.1 at 2024-03-13 12:55:54 +0100
Processing by HomeController#about as HTML
  Rendering layout layouts/application.html.erb
  Rendering home/about.html.erb within layouts/application
  Rendered home/about.html.erb within layouts/application (Duration: 0.2ms | Allocations: 6)
  Rendered home/_header.html.erb (Duration: 0.1ms | Allocations: 9)
  Rendered layout layouts/application.html.erb (Duration: 10.5ms | Allocations: 1379)
Completed 200 OK in 16ms (Views: 13.9ms | ActiveRecord: 0.0ms | Allocations: 1630)


Started GET "/" for 127.0.0.1 at 2024-03-13 12:55:54 +0100
Processing by HomeController#index as HTML
  Rendering layout layouts/application.html.erb
  Rendering home/index.html.erb within layouts/application
  Rendered home/index.html.erb within layouts/application (Duration: 1.2ms | Allocations: 87)
  Rendered home/_header.html.erb (Duration: 0.1ms | Allocations: 9)
  Rendered layout layouts/application.html.erb (Duration: 9.3ms | Allocations: 1471)
Completed 200 OK in 12ms (Views: 10.7ms | ActiveRecord: 0.0ms | Allocations: 1781)


Started GET "/" for 127.0.0.1 at 2024-03-13 12:55:54 +0100
Processing by HomeController#index as HTML
  Rendering layout layouts/application.html.erb
  Rendering home/index.html.erb within layouts/application
  Rendered home/index.html.erb within layouts/application (Duration: 0.1ms | Allocations: 7)
  Rendered home/_header.html.erb (Duration: 0.0ms | Allocations: 9)
  Rendered layout layouts/application.html.erb (Duration: 2.6ms | Allocations: 1371)
Completed 200 OK in 4ms (Views: 3.3ms | ActiveRecord: 0.0ms | Allocations: 1621)


Started GET "/home/about" for 127.0.0.1 at 2024-03-13 12:55:56 +0100
Processing by HomeController#about as HTML
  Rendering layout layouts/application.html.erb
  Rendering home/about.html.erb within layouts/application
  Rendered home/about.html.erb within layouts/application (Duration: 0.1ms | Allocations: 6)
  Rendered home/_header.html.erb (Duration: 0.1ms | Allocations: 9)
  Rendered layout layouts/application.html.erb (Duration: 4.4ms | Allocations: 1364)
Completed 200 OK in 6ms (Views: 5.7ms | ActiveRecord: 0.0ms | Allocations: 1614)


Started GET "/" for 127.0.0.1 at 2024-03-13 12:55:56 +0100
Processing by HomeController#index as HTML
  Rendering layout layouts/application.html.erb
  Rendering home/index.html.erb within layouts/application
  Rendered home/index.html.erb within layouts/application (Duration: 0.1ms | Allocations: 7)
  Rendered home/_header.html.erb (Duration: 0.4ms | Allocations: 9)
  Rendered layout layouts/application.html.erb (Duration: 15.6ms | Allocations: 1365)
Completed 200 OK in 18ms (Views: 17.6ms | ActiveRecord: 0.0ms | Allocations: 1615)


Started GET "/" for 127.0.0.1 at 2024-03-13 12:55:57 +0100
Processing by HomeController#index as HTML
  Rendering layout layouts/application.html.erb
  Rendering home/index.html.erb within layouts/application
  Rendered home/index.html.erb within layouts/application (Duration: 0.1ms | Allocations: 7)
  Rendered home/_header.html.erb (Duration: 0.1ms | Allocations: 9)
  Rendered layout layouts/application.html.erb (Duration: 6.9ms | Allocations: 1368)
Completed 200 OK in 9ms (Views: 8.3ms | ActiveRecord: 0.0ms | Allocations: 1618)


Started GET "/home/about" for 127.0.0.1 at 2024-03-13 12:56:47 +0100
Processing by HomeController#about as HTML
  Rendering layout layouts/application.html.erb
  Rendering home/about.html.erb within layouts/application
  Rendered home/about.html.erb within layouts/application (Duration: 6.4ms | Allocations: 89)
  Rendered home/_header.html.erb (Duration: 1.5ms | Allocations: 110)
  Rendered layout layouts/application.html.erb (Duration: 337.0ms | Allocations: 14697)
Completed 200 OK in 351ms (Views: 343.2ms | ActiveRecord: 0.0ms | Allocations: 15606)


Started GET "/" for 127.0.0.1 at 2024-03-13 12:56:48 +0100
Processing by HomeController#index as HTML
  Rendering layout layouts/application.html.erb
  Rendering home/index.html.erb within layouts/application
  Rendered home/index.html.erb within layouts/application (Duration: 27.1ms | Allocations: 95)
  Rendered home/_header.html.erb (Duration: 0.1ms | Allocations: 9)
  Rendered layout layouts/application.html.erb (Duration: 67.0ms | Allocations: 1461)
Completed 200 OK in 98ms (Views: 95.9ms | ActiveRecord: 0.0ms | Allocations: 1769)


Started GET "/" for 127.0.0.1 at 2024-03-13 12:56:49 +0100
Processing by HomeController#index as HTML
  Rendering layout layouts/application.html.erb
  Rendering home/index.html.erb within layouts/application
  Rendered home/index.html.erb within layouts/application (Duration: 0.1ms | Allocations: 7)
  Rendered home/_header.html.erb (Duration: 0.3ms | Allocations: 9)
  Rendered layout layouts/application.html.erb (Duration: 59.5ms | Allocations: 1371)
Completed 200 OK in 62ms (Views: 61.4ms | ActiveRecord: 0.0ms | Allocations: 1621)


Started GET "/home/about" for 127.0.0.1 at 2024-03-13 12:56:49 +0100
Processing by HomeController#about as HTML
  Rendering layout layouts/application.html.erb
  Rendering home/about.html.erb within layouts/application
  Rendered home/about.html.erb within layouts/application (Duration: 0.2ms | Allocations: 6)
  Rendered home/_header.html.erb (Duration: 0.1ms | Allocations: 9)
  Rendered layout layouts/application.html.erb (Duration: 48.2ms | Allocations: 1364)
Completed 200 OK in 51ms (Views: 50.3ms | ActiveRecord: 0.0ms | Allocations: 1616)


Started GET "/" for 127.0.0.1 at 2024-03-13 12:56:50 +0100
Processing by HomeController#index as HTML
  Rendering layout layouts/application.html.erb
  Rendering home/index.html.erb within layouts/application
  Rendered home/index.html.erb within layouts/application (Duration: 0.2ms | Allocations: 7)
  Rendered home/_header.html.erb (Duration: 0.1ms | Allocations: 9)
  Rendered layout layouts/application.html.erb (Duration: 35.9ms | Allocations: 1382)
Completed 200 OK in 48ms (Views: 47.1ms | ActiveRecord: 0.0ms | Allocations: 1633)


Started GET "/home/about" for 127.0.0.1 at 2024-03-13 12:56:51 +0100
Processing by HomeController#about as HTML
  Rendering layout layouts/application.html.erb
  Rendering home/about.html.erb within layouts/application
  Rendered home/about.html.erb within layouts/application (Duration: 0.1ms | Allocations: 6)
  Rendered home/_header.html.erb (Duration: 0.0ms | Allocations: 9)
  Rendered layout layouts/application.html.erb (Duration: 8.7ms | Allocations: 1373)
Completed 200 OK in 12ms (Views: 11.4ms | ActiveRecord: 0.0ms | Allocations: 1623)


Started GET "/" for 127.0.0.1 at 2024-03-13 12:56:52 +0100
Processing by HomeController#index as HTML
  Rendering layout layouts/application.html.erb
  Rendering home/index.html.erb within layouts/application
  Rendered home/index.html.erb within layouts/application (Duration: 0.2ms | Allocations: 7)
  Rendered home/_header.html.erb (Duration: 0.1ms | Allocations: 9)
  Rendered layout layouts/application.html.erb (Duration: 14.1ms | Allocations: 1361)
Completed 200 OK in 18ms (Views: 16.3ms | ActiveRecord: 0.0ms | Allocations: 1612)


Started GET "/home/about" for 127.0.0.1 at 2024-03-13 12:58:50 +0100
Processing by HomeController#about as HTML
  Rendering layout layouts/application.html.erb
  Rendering home/about.html.erb within layouts/application
  Rendered home/about.html.erb within layouts/application (Duration: 2.1ms | Allocations: 6)
  Rendered home/_header.html.erb (Duration: 0.2ms | Allocations: 9)
  Rendered layout layouts/application.html.erb (Duration: 59.5ms | Allocations: 1370)
Completed 200 OK in 84ms (Views: 77.8ms | ActiveRecord: 0.0ms | Allocations: 1620)


Started GET "/" for 127.0.0.1 at 2024-03-13 12:59:54 +0100
Processing by HomeController#index as HTML
  Rendering layout layouts/application.html.erb
  Rendering home/index.html.erb within layouts/application
  Rendered home/index.html.erb within layouts/application (Duration: 1.5ms | Allocations: 95)
  Rendered home/_header.html.erb (Duration: 12.5ms | Allocations: 1568)
  Rendered layout layouts/application.html.erb (Duration: 65.1ms | Allocations: 16215)
Completed 500 Internal Server Error in 73ms (ActiveRecord: 0.0ms | Allocations: 17147)


  
ActionView::SyntaxErrorInTemplate (Encountered a syntax error while rendering template: check <nav class="navbar navbar-expand-lg bg-body-tertiary bg-dark border-bottom border-body" data-bs-theme="dark">
  <div class="container-fluid">
  <%= link_to, 'Friend App', root_path, class:"navbar-brand"%>
    <button class="navbar-toggler" type="button" data-bs-toggle="collapse" data-bs-target="#navbarSupportedContent" aria-controls="navbarSupportedContent" aria-expanded="false" aria-label="Toggle navigation">
      <span class="navbar-toggler-icon"></span>
    </button>
    <div class="collapse navbar-collapse" id="navbarSupportedContent">
      <ul class="navbar-nav me-auto mb-2 mb-lg-0">
        <li class="nav-item">
          <a class="nav-link" href="/home/about">About</a>
        </li>
      </ul>
      <form class="d-flex" role="search">
        <input class="form-control me-2" type="search" placeholder="Search" aria-label="Search">
        <button class="btn btn-outline-success" type="submit">Search</button>
      </form>
    </div>
  </div>
</nav>
):
1:    <nav class="navbar navbar-expand-lg bg-body-tertiary bg-dark border-bottom border-body" data-bs-theme="dark">
2:      <div class="container-fluid">
3:      <%= link_to, 'Friend App', root_path, class:"navbar-brand"%>
4:        <button class="navbar-toggler" type="button" data-bs-toggle="collapse" data-bs-target="#navbarSupportedContent" aria-controls="navbarSupportedContent" aria-expanded="false" aria-label="Toggle navigation">
5:          <span class="navbar-toggler-icon"></span>
6:        </button>
7:        <div class="collapse navbar-collapse" id="navbarSupportedContent">
8:          <ul class="navbar-nav me-auto mb-2 mb-lg-0">
9:            <li class="nav-item">
10:              <a class="nav-link" href="/home/about">About</a>
11:            </li>
12:          </ul>
13:          <form class="d-flex" role="search">
14:            <input class="form-control me-2" type="search" placeholder="Search" aria-label="Search">
15:            <button class="btn btn-outline-success" type="submit">Search</button>
16:          </form>
17:        </div>
18:      </div>
19:    </nav>
  
app/views/home/_header.html.erb:3: syntax error, unexpected ',', expecting '.' or &. or :: or '['
app/views/layouts/application.html.erb:15
Started GET "/" for 127.0.0.1 at 2024-03-13 13:00:16 +0100
Processing by HomeController#index as HTML
  Rendering layout layouts/application.html.erb
  Rendering home/index.html.erb within layouts/application
  Rendered home/index.html.erb within layouts/application (Duration: 1.1ms | Allocations: 91)
  Rendered home/_header.html.erb (Duration: 1.4ms | Allocations: 1248)
  Rendered layout layouts/application.html.erb (Duration: 73.6ms | Allocations: 15840)
Completed 500 Internal Server Error in 81ms (ActiveRecord: 0.0ms | Allocations: 16750)


  
ActionView::SyntaxErrorInTemplate (Encountered a syntax error while rendering template: check <nav class="navbar navbar-expand-lg bg-body-tertiary bg-dark border-bottom border-body" data-bs-theme="dark">
  <div class="container-fluid">
  <%= link_to, 'Friend App', root_path, class:"navbar-brand"%>
    <button class="navbar-toggler" type="button" data-bs-toggle="collapse" data-bs-target="#navbarSupportedContent" aria-controls="navbarSupportedContent" aria-expanded="false" aria-label="Toggle navigation">
      <span class="navbar-toggler-icon"></span>
    </button>
    <div class="collapse navbar-collapse" id="navbarSupportedContent">
      <ul class="navbar-nav me-auto mb-2 mb-lg-0">
        <li class="nav-item">
          <a class="nav-link" href="/home/about">About</a>
        </li>
      </ul>
      <form class="d-flex" role="search">
        <input class="form-control me-2" type="search" placeholder="Search" aria-label="Search">
        <button class="btn btn-outline-success" type="submit">Search</button>
      </form>
    </div>
  </div>
</nav>
):
1:    <nav class="navbar navbar-expand-lg bg-body-tertiary bg-dark border-bottom border-body" data-bs-theme="dark">
2:      <div class="container-fluid">
3:      <%= link_to, 'Friend App', root_path, class:"navbar-brand"%>
4:        <button class="navbar-toggler" type="button" data-bs-toggle="collapse" data-bs-target="#navbarSupportedContent" aria-controls="navbarSupportedContent" aria-expanded="false" aria-label="Toggle navigation">
5:          <span class="navbar-toggler-icon"></span>
6:        </button>
7:        <div class="collapse navbar-collapse" id="navbarSupportedContent">
8:          <ul class="navbar-nav me-auto mb-2 mb-lg-0">
9:            <li class="nav-item">
10:              <a class="nav-link" href="/home/about">About</a>
11:            </li>
12:          </ul>
13:          <form class="d-flex" role="search">
14:            <input class="form-control me-2" type="search" placeholder="Search" aria-label="Search">
15:            <button class="btn btn-outline-success" type="submit">Search</button>
16:          </form>
17:        </div>
18:      </div>
19:    </nav>
  
app/views/home/_header.html.erb:3: syntax error, unexpected ',', expecting '.' or &. or :: or '['
app/views/layouts/application.html.erb:15
Started GET "/" for 127.0.0.1 at 2024-03-13 13:01:08 +0100
Processing by HomeController#index as HTML
  Rendering layout layouts/application.html.erb
  Rendering home/index.html.erb within layouts/application
  Rendered home/index.html.erb within layouts/application (Duration: 0.9ms | Allocations: 91)
  Rendered home/_header.html.erb (Duration: 3.0ms | Allocations: 229)
  Rendered layout layouts/application.html.erb (Duration: 57.8ms | Allocations: 14808)
Completed 200 OK in 67ms (Views: 62.7ms | ActiveRecord: 0.0ms | Allocations: 15711)


Started GET "/" for 127.0.0.1 at 2024-03-13 13:01:10 +0100
Processing by HomeController#index as HTML
  Rendering layout layouts/application.html.erb
  Rendering home/index.html.erb within layouts/application
  Rendered home/index.html.erb within layouts/application (Duration: 0.1ms | Allocations: 7)
  Rendered home/_header.html.erb (Duration: 0.1ms | Allocations: 40)
  Rendered layout layouts/application.html.erb (Duration: 3.6ms | Allocations: 1414)
Completed 200 OK in 5ms (Views: 4.4ms | ActiveRecord: 0.0ms | Allocations: 1665)


Started GET "/home/about" for 127.0.0.1 at 2024-03-13 13:01:11 +0100
Processing by HomeController#about as HTML
  Rendering layout layouts/application.html.erb
  Rendering home/about.html.erb within layouts/application
  Rendered home/about.html.erb within layouts/application (Duration: 0.5ms | Allocations: 87)
  Rendered home/_header.html.erb (Duration: 0.2ms | Allocations: 40)
  Rendered layout layouts/application.html.erb (Duration: 3.9ms | Allocations: 1486)
Completed 200 OK in 5ms (Views: 4.6ms | ActiveRecord: 0.0ms | Allocations: 1796)


Started GET "/" for 127.0.0.1 at 2024-03-13 13:01:11 +0100
Processing by HomeController#index as HTML
  Rendering layout layouts/application.html.erb
  Rendering home/index.html.erb within layouts/application
  Rendered home/index.html.erb within layouts/application (Duration: 0.1ms | Allocations: 7)
  Rendered home/_header.html.erb (Duration: 0.3ms | Allocations: 40)
  Rendered layout layouts/application.html.erb (Duration: 4.1ms | Allocations: 1401)
Completed 200 OK in 6ms (Views: 5.2ms | ActiveRecord: 0.0ms | Allocations: 1651)


Started GET "/" for 127.0.0.1 at 2024-03-13 13:02:13 +0100
Processing by HomeController#index as HTML
  Rendering layout layouts/application.html.erb
  Rendering home/index.html.erb within layouts/application
  Rendered home/index.html.erb within layouts/application (Duration: 2.5ms | Allocations: 91)
  Rendered home/_header.html.erb (Duration: 7.9ms | Allocations: 234)
  Rendered layout layouts/application.html.erb (Duration: 141.6ms | Allocations: 14807)
Completed 200 OK in 154ms (Views: 151.3ms | ActiveRecord: 0.0ms | Allocations: 15714)


Started GET "/home/about" for 127.0.0.1 at 2024-03-13 13:02:14 +0100
Processing by HomeController#about as HTML
  Rendering layout layouts/application.html.erb
  Rendering home/about.html.erb within layouts/application
  Rendered home/about.html.erb within layouts/application (Duration: 7.5ms | Allocations: 85)
  Rendered home/_header.html.erb (Duration: 3.5ms | Allocations: 60)
  Rendered layout layouts/application.html.erb (Duration: 34.4ms | Allocations: 1504)
Completed 200 OK in 38ms (Views: 36.7ms | ActiveRecord: 0.0ms | Allocations: 1814)


Started GET "/" for 127.0.0.1 at 2024-03-13 13:02:15 +0100
Processing by HomeController#index as HTML
  Rendering layout layouts/application.html.erb
  Rendering home/index.html.erb within layouts/application
  Rendered home/index.html.erb within layouts/application (Duration: 0.1ms | Allocations: 7)
  Rendered home/_header.html.erb (Duration: 0.8ms | Allocations: 60)
  Rendered layout layouts/application.html.erb (Duration: 14.8ms | Allocations: 1415)
Completed 200 OK in 19ms (Views: 16.7ms | ActiveRecord: 0.0ms | Allocations: 1665)


Started GET "/home/about" for 127.0.0.1 at 2024-03-13 13:02:16 +0100
Processing by HomeController#about as HTML
  Rendering layout layouts/application.html.erb
  Rendering home/about.html.erb within layouts/application
  Rendered home/about.html.erb within layouts/application (Duration: 0.2ms | Allocations: 6)
  Rendered home/_header.html.erb (Duration: 1.0ms | Allocations: 60)
  Rendered layout layouts/application.html.erb (Duration: 21.6ms | Allocations: 1405)
Completed 200 OK in 24ms (Views: 23.5ms | ActiveRecord: 0.0ms | Allocations: 1655)


Started GET "/" for 127.0.0.1 at 2024-03-13 13:02:24 +0100
Processing by HomeController#index as HTML
  Rendering layout layouts/application.html.erb
  Rendering home/index.html.erb within layouts/application
  Rendered home/index.html.erb within layouts/application (Duration: 1.0ms | Allocations: 95)
  Rendered home/_header.html.erb (Duration: 2.3ms | Allocations: 231)
  Rendered layout layouts/application.html.erb (Duration: 64.7ms | Allocations: 14806)
Completed 200 OK in 69ms (Views: 68.0ms | ActiveRecord: 0.0ms | Allocations: 15713)


Started GET "/home/about" for 127.0.0.1 at 2024-03-13 13:02:26 +0100
Processing by HomeController#about as HTML
  Rendering layout layouts/application.html.erb
  Rendering home/about.html.erb within layouts/application
  Rendered home/about.html.erb within layouts/application (Duration: 1.6ms | Allocations: 85)
  Rendered home/_header.html.erb (Duration: 0.2ms | Allocations: 60)
  Rendered layout layouts/application.html.erb (Duration: 11.2ms | Allocations: 1507)
Completed 200 OK in 14ms (Views: 12.9ms | ActiveRecord: 0.0ms | Allocations: 1817)


Started GET "/" for 127.0.0.1 at 2024-03-13 13:02:26 +0100
Processing by HomeController#index as HTML
  Rendering layout layouts/application.html.erb
  Rendering home/index.html.erb within layouts/application
  Rendered home/index.html.erb within layouts/application (Duration: 0.1ms | Allocations: 7)
  Rendered home/_header.html.erb (Duration: 0.3ms | Allocations: 60)
  Rendered layout layouts/application.html.erb (Duration: 10.0ms | Allocations: 1406)
Completed 200 OK in 12ms (Views: 11.1ms | ActiveRecord: 0.0ms | Allocations: 1656)


Started GET "/home/about" for 127.0.0.1 at 2024-03-13 13:02:27 +0100
Processing by HomeController#about as HTML
  Rendering layout layouts/application.html.erb
  Rendering home/about.html.erb within layouts/application
  Rendered home/about.html.erb within layouts/application (Duration: 0.1ms | Allocations: 6)
  Rendered home/_header.html.erb (Duration: 0.3ms | Allocations: 60)
  Rendered layout layouts/application.html.erb (Duration: 9.1ms | Allocations: 1405)
Completed 200 OK in 11ms (Views: 10.6ms | ActiveRecord: 0.0ms | Allocations: 1655)


Started GET "/" for 127.0.0.1 at 2024-03-13 13:02:27 +0100
Processing by HomeController#index as HTML
  Rendering layout layouts/application.html.erb
  Rendering home/index.html.erb within layouts/application
  Rendered home/index.html.erb within layouts/application (Duration: 0.1ms | Allocations: 7)
  Rendered home/_header.html.erb (Duration: 0.8ms | Allocations: 60)
  Rendered layout layouts/application.html.erb (Duration: 15.0ms | Allocations: 1421)
Completed 200 OK in 19ms (Views: 17.9ms | ActiveRecord: 0.0ms | Allocations: 1671)


Started GET "/" for 127.0.0.1 at 2024-03-13 13:04:21 +0100
Processing by HomeController#index as HTML
  Rendering layout layouts/application.html.erb
  Rendering home/index.html.erb within layouts/application
  Rendered home/index.html.erb within layouts/application (Duration: 0.7ms | Allocations: 91)
  Rendered home/_header.html.erb (Duration: 7.0ms | Allocations: 231)
  Rendered layout layouts/application.html.erb (Duration: 81.0ms | Allocations: 14742)
Completed 200 OK in 90ms (Views: 87.3ms | ActiveRecord: 0.0ms | Allocations: 15646)


Started GET "/home/about" for 127.0.0.1 at 2024-03-13 13:04:23 +0100
Processing by HomeController#about as HTML
  Rendering layout layouts/application.html.erb
  Rendering home/about.html.erb within layouts/application
  Rendered home/about.html.erb within layouts/application (Duration: 1.0ms | Allocations: 85)
  Rendered home/_header.html.erb (Duration: 0.4ms | Allocations: 60)
  Rendered layout layouts/application.html.erb (Duration: 9.2ms | Allocations: 1504)
Completed 200 OK in 17ms (Views: 15.5ms | ActiveRecord: 0.0ms | Allocations: 1814)


Started GET "/" for 127.0.0.1 at 2024-03-13 13:04:24 +0100
Processing by HomeController#index as HTML
  Rendering layout layouts/application.html.erb
  Rendering home/index.html.erb within layouts/application
  Rendered home/index.html.erb within layouts/application (Duration: 0.1ms | Allocations: 7)
  Rendered home/_header.html.erb (Duration: 0.2ms | Allocations: 60)
  Rendered layout layouts/application.html.erb (Duration: 12.2ms | Allocations: 1430)
Completed 200 OK in 14ms (Views: 13.4ms | ActiveRecord: 0.0ms | Allocations: 1680)


